Example1: call lambda function
Area = 13.5
Example2: assign lambda function to variable
Area = 13.5
Area = 38.5
Example3: find the first even number in the vector
2
Example4: count the number of even numbers in the vector
3
Example5: sort list of rectangles by area (ascending)
Width:6 Height:1 Area: 6
Width:3 Height:3 Area: 9
Width:5 Height:2 Area: 10
Width:5 Height:6 Area: 30
Example6: sort vector of rectangles by area (descending)
Width:5 Height:6 Area: 30
Width:5 Height:2 Area: 10
Width:3 Height:3 Area: 9
Width:6 Height:1 Area: 6
Example7: for_each
5 1 3 2 8 7 4 5
25 1 9 4 64 49 16 25