\BOOKMARK [0][-]{chapter.1}{Βασικές έννοιες στη C και στη C++}{}% 1
\BOOKMARK [1][-]{section.1.1}{Εισαγωγή}{chapter.1}% 2
\BOOKMARK [1][-]{section.1.2}{Δείκτες}{chapter.1}% 3
\BOOKMARK [1][-]{section.1.3}{Κλήση με τιμή και κλήση με αναφορά}{chapter.1}% 4
\BOOKMARK [1][-]{section.1.4}{Πίνακες}{chapter.1}% 5
\BOOKMARK [2][-]{subsection.1.4.1}{Μονοδιάστατοι πίνακες}{section.1.4}% 6
\BOOKMARK [2][-]{subsection.1.4.2}{Δυναμικοί πίνακες}{section.1.4}% 7
\BOOKMARK [2][-]{subsection.1.4.3}{Πίνακας ως παράμετρος συνάρτησης και επιστροφή πολλών αποτελεσμάτων}{section.1.4}% 8
\BOOKMARK [2][-]{subsection.1.4.4}{Δισδιάστατοι πίνακες}{section.1.4}% 9
\BOOKMARK [2][-]{subsection.1.4.5}{Πολυδιάστατοι πίνακες}{section.1.4}% 10
\BOOKMARK [2][-]{subsection.1.4.6}{Πριονωτοί πίνακες}{section.1.4}% 11
\BOOKMARK [1][-]{section.1.5}{Δομές}{chapter.1}% 12
\BOOKMARK [1][-]{section.1.6}{Κλάσεις - Αντικείμενα}{chapter.1}% 13
\BOOKMARK [1][-]{section.1.7}{Αρχεία}{chapter.1}% 14
\BOOKMARK [2][-]{subsection.1.7.1}{Εγγραφή και ανάγνωση δεδομένων από αρχείο με συναρτήσεις της C}{section.1.7}% 15
\BOOKMARK [2][-]{subsection.1.7.2}{Εγγραφή και ανάγνωση δεδομένων από αρχείο με συναρτήσεις της C++}{section.1.7}% 16
\BOOKMARK [1][-]{section.1.8}{Παραδείγματα}{chapter.1}% 17
\BOOKMARK [2][-]{subsection.1.8.1}{Παράδειγμα 1}{section.1.8}% 18
\BOOKMARK [2][-]{subsection.1.8.2}{Παράδειγμα 2}{section.1.8}% 19
\BOOKMARK [2][-]{subsection.1.8.3}{Παράδειγμα 3}{section.1.8}% 20
\BOOKMARK [2][-]{subsection.1.8.4}{Παράδειγμα 4}{section.1.8}% 21
\BOOKMARK [1][-]{section.1.9}{Ασκήσεις}{chapter.1}% 22
\BOOKMARK [0][-]{chapter.2}{Εισαγωγή στα templates και στην STL, TDD}{}% 23
\BOOKMARK [1][-]{section.2.1}{Εισαγωγή}{chapter.2}% 24
\BOOKMARK [1][-]{section.2.2}{Templates}{chapter.2}% 25
\BOOKMARK [1][-]{section.2.3}{Η βιβλιοθήκη STL}{chapter.2}% 26
\BOOKMARK [2][-]{subsection.2.3.1}{Containers}{section.2.3}% 27
\BOOKMARK [2][-]{subsection.2.3.2}{Iterators}{section.2.3}% 28
\BOOKMARK [2][-]{subsection.2.3.3}{Αλγόριθμοι}{section.2.3}% 29
\BOOKMARK [1][-]{section.2.4}{Lambdas}{chapter.2}% 30
\BOOKMARK [1][-]{section.2.5}{TDD\040\(Test\040Driven\040Development\)}{chapter.2}% 31
\BOOKMARK [1][-]{section.2.6}{Παραδείγματα}{chapter.2}% 32
\BOOKMARK [2][-]{subsection.2.6.1}{Παράδειγμα 1}{section.2.6}% 33
\BOOKMARK [2][-]{subsection.2.6.2}{Παράδειγμα 2}{section.2.6}% 34
\BOOKMARK [2][-]{subsection.2.6.3}{Παράδειγμα 3}{section.2.6}% 35
\BOOKMARK [2][-]{subsection.2.6.4}{Παράδειγμα 4}{section.2.6}% 36
\BOOKMARK [1][-]{section.2.7}{Ασκήσεις}{chapter.2}% 37
\BOOKMARK [0][-]{chapter.3}{Αλγόριθμοι ταξινόμησης και αναζήτησης}{}% 38
\BOOKMARK [1][-]{section.3.1}{Εισαγωγή}{chapter.3}% 39
\BOOKMARK [1][-]{section.3.2}{Θεωρητική και εμπειρική εκτίμηση της απόδοσης αλγορίθμων}{chapter.3}% 40
\BOOKMARK [2][-]{subsection.3.2.1}{Θεωρητική μελέτη αλγορίθμων}{section.3.2}% 41
\BOOKMARK [2][-]{subsection.3.2.2}{Εμπειρική μελέτη αλγορίθμων}{section.3.2}% 42
\BOOKMARK [1][-]{section.3.3}{Αλγόριθμοι ταξινόμησης}{chapter.3}% 43
\BOOKMARK [2][-]{subsection.3.3.1}{Ταξινόμηση με εισαγωγή}{section.3.3}% 44
\BOOKMARK [2][-]{subsection.3.3.2}{Ταξινόμηση με συγχώνευση}{section.3.3}% 45
\BOOKMARK [2][-]{subsection.3.3.3}{Γρήγορη ταξινόμηση}{section.3.3}% 46
\BOOKMARK [2][-]{subsection.3.3.4}{Ταξινόμηση κατάταξης}{section.3.3}% 47
\BOOKMARK [2][-]{subsection.3.3.5}{Σταθερή ταξινόμηση \(stable sorting\)}{section.3.3}% 48
\BOOKMARK [1][-]{section.3.4}{Αλγόριθμοι αναζήτησης}{chapter.3}% 49
\BOOKMARK [2][-]{subsection.3.4.1}{Σειριακή αναζήτηση}{section.3.4}% 50
\BOOKMARK [2][-]{subsection.3.4.2}{Δυαδική αναζήτηση}{section.3.4}% 51
\BOOKMARK [2][-]{subsection.3.4.3}{Αναζήτηση με παρεμβολή}{section.3.4}% 52
\BOOKMARK [1][-]{section.3.5}{Παραδείγματα}{chapter.3}% 53
\BOOKMARK [2][-]{subsection.3.5.1}{Παράδειγμα 1}{section.3.5}% 54
\BOOKMARK [2][-]{subsection.3.5.2}{Παράδειγμα 2}{section.3.5}% 55
\BOOKMARK [1][-]{section.3.6}{Ασκήσεις}{chapter.3}% 56
\BOOKMARK [0][-]{chapter.4}{Γραμμικές λίστες}{}% 57
\BOOKMARK [1][-]{section.4.1}{Εισαγωγή}{chapter.4}% 58
\BOOKMARK [1][-]{section.4.2}{Γραμμικές λίστες}{chapter.4}% 59
\BOOKMARK [2][-]{subsection.4.2.1}{Στατικές γραμμικές λίστες}{section.4.2}% 60
\BOOKMARK [2][-]{subsection.4.2.2}{Συνδεδεμένες γραμμικές λίστες}{section.4.2}% 61
\BOOKMARK [2][-]{subsection.4.2.3}{Γραμμικές λίστες της STL}{section.4.2}% 62
\BOOKMARK [1][-]{section.4.3}{Παραδείγματα}{chapter.4}% 63
\BOOKMARK [2][-]{subsection.4.3.1}{Παράδειγμα 1}{section.4.3}% 64
\BOOKMARK [2][-]{subsection.4.3.2}{Παράδειγμα 2}{section.4.3}% 65
\BOOKMARK [1][-]{section.4.4}{Ασκήσεις}{chapter.4}% 66
\BOOKMARK [0][-]{chapter.5}{Στοίβες και ουρές}{}% 67
\BOOKMARK [1][-]{section.5.1}{Εισαγωγή}{chapter.5}% 68
\BOOKMARK [1][-]{section.5.2}{Στοίβα}{chapter.5}% 69
\BOOKMARK [1][-]{section.5.3}{Ουρά}{chapter.5}% 70
\BOOKMARK [1][-]{section.5.4}{Παραδείγματα}{chapter.5}% 71
\BOOKMARK [1][-]{section.5.5}{Ασκήσεις}{chapter.5}% 72
\BOOKMARK [0][-]{chapter.6}{Σωροί}{}% 73
\BOOKMARK [1][-]{section.6.1}{Εισαγωγή}{chapter.6}% 74
\BOOKMARK [1][-]{section.6.2}{Σωροί}{chapter.6}% 75
\BOOKMARK [1][-]{section.6.3}{Υλοποίηση ενός σωρού}{chapter.6}% 76
\BOOKMARK [1][-]{section.6.4}{Ταξινόμηση Heapsort}{chapter.6}% 77
\BOOKMARK [1][-]{section.6.5}{Η δομή priority_queue της STL}{chapter.6}% 78
\BOOKMARK [1][-]{section.6.6}{Παραδείγματα}{chapter.6}% 79
\BOOKMARK [2][-]{subsection.6.6.1}{Παράδειγμα 1}{section.6.6}% 80
\BOOKMARK [2][-]{subsection.6.6.2}{Παράδειγμα 2}{section.6.6}% 81
\BOOKMARK [1][-]{section.6.7}{Ασκήσεις}{chapter.6}% 82
\BOOKMARK [0][-]{chapter.7}{Κατακερματισμός}{}% 83
\BOOKMARK [0][-]{chapter.8}{Δένδρα}{}% 84
\BOOKMARK [0][-]{chapter.9}{Γραφήματα}{}% 85
