\BOOKMARK [1][-]{section.1}{Εισαγωγή}{}% 1
\BOOKMARK [1][-]{section.2}{Δείκτες}{}% 2
\BOOKMARK [1][-]{section.3}{Κλήση με τιμή και κλήση με αναφορά}{}% 3
\BOOKMARK [1][-]{section.4}{Πίνακες}{}% 4
\BOOKMARK [2][-]{subsection.4.1}{Μονοδιάστατοι πίνακες}{section.4}% 5
\BOOKMARK [2][-]{subsection.4.2}{Δυναμικοί πίνακες}{section.4}% 6
\BOOKMARK [2][-]{subsection.4.3}{Πίνακας ως παράμετρος συνάρτησης και επιστροφή πολλών αποτελεσμάτων}{section.4}% 7
\BOOKMARK [2][-]{subsection.4.4}{Δισδιάστατοι πίνακες}{section.4}% 8
\BOOKMARK [2][-]{subsection.4.5}{Πολυδιάστατοι πίνακες}{section.4}% 9
\BOOKMARK [2][-]{subsection.4.6}{Πριονωτοί πίνακες}{section.4}% 10
\BOOKMARK [1][-]{section.5}{Δομές}{}% 11
\BOOKMARK [1][-]{section.6}{Κλάσεις - Αντικείμενα}{}% 12
\BOOKMARK [1][-]{section.7}{Αρχεία}{}% 13
\BOOKMARK [2][-]{subsection.7.1}{Εγγραφή και ανάγνωση δεδομένων από αρχείο με συναρτήσεις της C}{section.7}% 14
\BOOKMARK [2][-]{subsection.7.2}{Εγγραφή και ανάγνωση δεδομένων από αρχείο με συναρτήσεις της C++}{section.7}% 15
\BOOKMARK [1][-]{section.8}{Παραδείγματα}{}% 16
\BOOKMARK [2][-]{subsection.8.1}{Παράδειγμα 1}{section.8}% 17
\BOOKMARK [2][-]{subsection.8.2}{Παράδειγμα 2}{section.8}% 18
\BOOKMARK [2][-]{subsection.8.3}{Παράδειγμα 3}{section.8}% 19
\BOOKMARK [2][-]{subsection.8.4}{Παράδειγμα 4}{section.8}% 20
\BOOKMARK [1][-]{section.9}{Ασκήσεις}{}% 21
