\BOOKMARK [1][-]{section.1}{Εισαγωγή}{}% 1
\BOOKMARK [1][-]{section.2}{Θεωρητική και εμπειρική εκτίμηση της απόδοσης αλγορίθμων}{}% 2
\BOOKMARK [2][-]{subsection.2.1}{Θεωρητική μελέτη αλγορίθμων}{section.2}% 3
\BOOKMARK [3][-]{subsubsection.2.1.1}{O\(1\)}{subsection.2.1}% 4
\BOOKMARK [3][-]{subsubsection.2.1.2}{O\(n\)}{subsection.2.1}% 5
\BOOKMARK [3][-]{subsubsection.2.1.3}{O\(n2\)}{subsection.2.1}% 6
\BOOKMARK [3][-]{subsubsection.2.1.4}{O\(2n\)}{subsection.2.1}% 7
\BOOKMARK [3][-]{subsubsection.2.1.5}{O\(log\(n\)\)}{subsection.2.1}% 8
\BOOKMARK [2][-]{subsection.2.2}{Εμπειρική μελέτη αλγορίθμων}{section.2}% 9
\BOOKMARK [3][-]{subsubsection.2.2.1}{Μέτρηση χρόνου εκτέλεσης κώδικα με τη συνάρτηση clock\(\)}{subsection.2.2}% 10
\BOOKMARK [3][-]{subsubsection.2.2.2}{Μέτρηση χρόνου εκτέλεσης κώδικα με τη χρήση του high_resolution_clock::time_point}{subsection.2.2}% 11
\BOOKMARK [1][-]{section.3}{Αλγόριθμοι ταξινόμησης}{}% 12
\BOOKMARK [2][-]{subsection.3.1}{Ταξινόμηση με εισαγωγή}{section.3}% 13
\BOOKMARK [2][-]{subsection.3.2}{Ταξινόμηση με συγχώνευση}{section.3}% 14
\BOOKMARK [2][-]{subsection.3.3}{Γρήγορη ταξινόμηση}{section.3}% 15
\BOOKMARK [2][-]{subsection.3.4}{Ταξινόμηση κατάταξης}{section.3}% 16
\BOOKMARK [2][-]{subsection.3.5}{Σταθερή ταξινόμηση \(stable sorting\)}{section.3}% 17
\BOOKMARK [1][-]{section.4}{Αλγόριθμοι αναζήτησης}{}% 18
\BOOKMARK [2][-]{subsection.4.1}{Σειριακή αναζήτηση}{section.4}% 19
\BOOKMARK [2][-]{subsection.4.2}{Δυαδική αναζήτηση}{section.4}% 20
\BOOKMARK [2][-]{subsection.4.3}{Αναζήτηση με παρεμβολή}{section.4}% 21
\BOOKMARK [1][-]{section.5}{Παραδείγματα}{}% 22
\BOOKMARK [2][-]{subsection.5.1}{Παράδειγμα 1}{section.5}% 23
\BOOKMARK [2][-]{subsection.5.2}{Παράδειγμα 2}{section.5}% 24
\BOOKMARK [1][-]{section.6}{Ασκήσεις}{}% 25
