1. Available cashier
2. Customer arrival
3. Exit
2
Enter customer name: nikos
Enter time on receipt (1..100): 10
1. Available cashier
2. Customer arrival
3. Exit
2
Enter customer name: maria
Enter time on receipt (1..100): 20
1. Available cashier
2. Customer arrival
3. Exit
2
Enter customer name: petros
Enter time on receipt (1..100): 5
1. Available cashier
2. Customer arrival
3. Exit
1
The customer petros is served.
1. Available cashier
2. Customer arrival
3. Exit
1
The customer nikos is served.
1. Available cashier
2. Customer arrival
3. Exit
3
Customers served: 2
Customers still in queue: 1