Aruba max percentage 6.256% years: 1992 - 1993
Afghanistan max percentage 7.967% years: 1992 - 1993
Angola max percentage 3.652% years: 1981 - 1982
Albania max percentage 3.17% years: 1960 - 1961
Andorra max percentage 7.188% years: 1960 - 1961
Arab World max percentage 3.666% years: 1989 - 1990
United Arab Emirates max percentage 19.36% years: 1972 - 1973
Argentina max percentage 1.737% years: 1972 - 1973
Armenia max percentage 3.595% years: 1960 - 1961
American Samoa max percentage 4.226% years: 1983 - 1984
Antigua and Barbuda max percentage 2.791% years: 1996 - 1997
Australia max percentage 3.438% years: 1970 - 1971
Austria max percentage 1.323% years: 2015 - 2016
Azerbaijan max percentage 3.501% years: 1961 - 1962
Burundi max percentage 3.443% years: 2006 - 2007
Belgium max percentage 1.397% years: 2010 - 2011
Benin max percentage 3.563% years: 1992 - 1993
Burkina Faso max percentage 3.073% years: 2008 - 2009
Bangladesh max percentage 3.377% years: 1966 - 1967
Bulgaria max percentage 2.147% years: 2001 - 2002
Bahrain max percentage 8.084% years: 2006 - 2007
Bahamas, The max percentage 5.191% years: 1961 - 1962
Bosnia and Herzegovina max percentage 3.566% years: 1992 - 1993
Belarus max percentage 1.031% years: 1963 - 1964
Belize max percentage 3.916% years: 1997 - 1998
Bermuda max percentage 2.516% years: 1963 - 1964
Bolivia max percentage 2.229% years: 1977 - 1978
Brazil max percentage 2.988% years: 1961 - 1962
Barbados max percentage 0.6433% years: 1973 - 1974
Brunei Darussalam max percentage 4.85% years: 1967 - 1968
Bhutan max percentage 3.62% years: 1986 - 1987
Botswana max percentage 3.998% years: 1977 - 1978
Central African Republic max percentage 3.071% years: 1982 - 1983
Canada max percentage 2.021% years: 1960 - 1961
Central Europe and the Baltics max percentage 0.9344% years: 1963 - 1964
Switzerland max percentage 2.567% years: 1961 - 1962
Channel Islands max percentage 1.099% years: 1986 - 1987
Chile max percentage 2.249% years: 1960 - 1961
China max percentage 2.827% years: 1965 - 1966
Cote d'Ivoire max percentage 4.846% years: 1973 - 1974
Cameroon max percentage 3.167% years: 1985 - 1986
Congo, Dem. Rep. max percentage 3.985% years: 1991 - 1992
Congo, Rep. max percentage 3.501% years: 2007 - 2008
Colombia max percentage 3.049% years: 1961 - 1962
Comoros max percentage 3.891% years: 1977 - 1978
Cabo Verde max percentage 3.744% years: 1966 - 1967
Costa Rica max percentage 3.667% years: 1960 - 1961
Caribbean small states max percentage 1.894% years: 1960 - 1961
Cuba max percentage 2.254% years: 1962 - 1963
Curacao max percentage 3.993% years: 1999 - 2000
Cayman Islands max percentage 6.621% years: 1973 - 1974
Cyprus max percentage 2.266% years: 1992 - 1993
Czech Republic max percentage 0.8329% years: 2007 - 2008
Germany max percentage 1.837% years: 2010 - 2011
Djibouti max percentage 11.64% years: 1976 - 1977
Dominica max percentage 2.074% years: 1966 - 1967
Denmark max percentage 0.8381% years: 2015 - 2016
Dominican Republic max percentage 3.408% years: 1960 - 1961
Algeria max percentage 3.172% years: 1982 - 1983
East Asia & Pacific (excluding high income) max percentage 2.78% years: 1965 - 1966
Early-demographic dividend max percentage 3.704% years: 2015 - 2016
East Asia & Pacific max percentage 2.663% years: 1968 - 1969
Europe & Central Asia (excluding high income) max percentage 1.551% years: 1960 - 1961
Europe & Central Asia max percentage 1.18% years: 1961 - 1962
Ecuador max percentage 2.967% years: 1966 - 1967
Egypt, Arab Rep. max percentage 2.826% years: 1986 - 1987
Euro area max percentage 0.9439% years: 1962 - 1963
Eritrea max percentage 3.42% years: 2002 - 2003
Spain max percentage 1.868% years: 2006 - 2007
Estonia max percentage 2.541% years: 1992 - 1993
Ethiopia max percentage 3.666% years: 1991 - 1992
European Union max percentage 0.8934% years: 1962 - 1963
Fragile and conflict affected situations max percentage 3.433% years: 1989 - 1990
Finland max percentage 0.7095% years: 1962 - 1963
Fiji max percentage 3.542% years: 1961 - 1962
France max percentage 1.422% years: 1961 - 1962
Faroe Islands max percentage 1.31% years: 1960 - 1961
Micronesia, Fed. Sts. max percentage 3.912% years: 1966 - 1967
Gabon max percentage 3.519% years: 2011 - 2012
United Kingdom max percentage 0.8523% years: 1961 - 1962
Georgia max percentage 2.625% years: 1994 - 1995
Ghana max percentage 3.543% years: 1982 - 1983
Gibraltar max percentage 2.439% years: 1963 - 1964
Guinea max percentage 6.032% years: 1991 - 1992
Gambia, The max percentage 4.896% years: 1986 - 1987
Guinea-Bissau max percentage 2.665% years: 1983 - 1984
Equatorial Guinea max percentage 8.209% years: 1982 - 1983
Greece max percentage 1.565% years: 1975 - 1976
Grenada max percentage 3.109% years: 1982 - 1983
Greenland max percentage 4.255% years: 1964 - 1965
Guatemala max percentage 2.978% years: 1960 - 1961
Guam max percentage 2.476% years: 1963 - 1964
Guyana max percentage 3.053% years: 1960 - 1961
High income max percentage 1.503% years: 1960 - 1961
Hong Kong SAR, China max percentage 5.618% years: 1978 - 1979
Honduras max percentage 3.14% years: 1977 - 1978
Heavily indebted poor countries (HIPC) max percentage 3.1% years: 1992 - 1993
Croatia max percentage 5.649% years: 1990 - 1991
Haiti max percentage 2.375% years: 1982 - 1983
Hungary max percentage 1.083% years: 1988 - 1989
IBRD only max percentage 3.088e+04% years: 2007 - 2008
IDA & IBRD total max percentage 507.4% years: 1990 - 1991
IDA total max percentage 2.794% years: 1985 - 1986
IDA blend max percentage 3.087% years: 1978 - 1979
Indonesia max percentage 2.756% years: 1966 - 1967
IDA only max percentage 2.776% years: 1991 - 1992
Isle of Man max percentage 2.192% years: 1987 - 1988
India max percentage 2.359% years: 1973 - 1974
Ireland max percentage 2.933% years: 2006 - 2007
Iran, Islamic Rep. max percentage 4.206% years: 1982 - 1983
Iraq max percentage 3.508% years: 1968 - 1969
Iceland max percentage 2.562% years: 2006 - 2007
Israel max percentage 6.202% years: 1990 - 1991
Italy max percentage 1.166% years: 2012 - 2013
Jamaica max percentage 1.718% years: 1981 - 1982
Jordan max percentage 8.821% years: 1966 - 1967
Japan max percentage 2.64% years: 1960 - 1961
Kazakhstan max percentage 4.278% years: 1960 - 1961
Kenya max percentage 3.892% years: 1981 - 1982
Kyrgyz Republic max percentage 3.848% years: 1960 - 1961
Cambodia max percentage 3.875% years: 1983 - 1984
Kiribati max percentage 2.731% years: 1987 - 1988
St. Kitts and Nevis max percentage 2.064% years: 1967 - 1968
Korea, Rep. max percentage 3.012% years: 1960 - 1961
Kuwait max percentage 12.3% years: 1962 - 1963
Latin America & Caribbean (excluding high income) max percentage 2.85% years: 1961 - 1962
Lao PDR max percentage 2.948% years: 1987 - 1988
Lebanon max percentage 7.316% years: 2012 - 2013
Liberia max percentage 8.166% years: 1997 - 1998
Libya max percentage 4.459% years: 1971 - 1972
St. Lucia max percentage 1.907% years: 1987 - 1988
Latin America & Caribbean max percentage 2.796% years: 1961 - 1962
Least developed countries: UN classification max percentage 2.8% years: 1991 - 1992
Low income max percentage 2.896% years: 1992 - 1993
Liechtenstein max percentage 2.809% years: 1966 - 1967
Sri Lanka max percentage 3.033% years: 1963 - 1964
Lower middle income max percentage 3.238% years: 2015 - 2016
Low & middle income max percentage 648.3% years: 1990 - 1991
Lesotho max percentage 2.689% years: 1977 - 1978
Late-demographic dividend max percentage 2.413% years: 1965 - 1966
Lithuania max percentage 2.233% years: 2010 - 2011
Luxembourg max percentage 2.431% years: 2011 - 2012
Latvia max percentage 2.06% years: 2009 - 2010
Macao SAR, China max percentage 5.055% years: 1963 - 1964
St. Martin (French part) max percentage 21.65% years: 1982 - 1983
Morocco max percentage 3.099% years: 1960 - 1961
Monaco max percentage 2.113% years: 2007 - 2008
Moldova max percentage 2.398% years: 1960 - 1961
Madagascar max percentage 3.213% years: 1997 - 1998
Maldives max percentage 4.805% years: 2006 - 2007
Middle East & North Africa max percentage 3.52% years: 1989 - 1990
Mexico max percentage 3.275% years: 1971 - 1972
Marshall Islands max percentage 4.915% years: 1972 - 1973
Middle income max percentage 922.5% years: 1995 - 1996
Macedonia, FYR max percentage 1.678% years: 1966 - 1967
Mali max percentage 3.391% years: 2006 - 2007
Malta max percentage 2.732% years: 1990 - 1991
Myanmar max percentage 2.469% years: 1968 - 1969
Middle East & North Africa (excluding high income) max percentage 3.535% years: 1989 - 1990
Montenegro max percentage 2.325% years: 1961 - 1962
Mongolia max percentage 3.082% years: 1963 - 1964
Northern Mariana Islands max percentage 12.69% years: 1982 - 1983
Mozambique max percentage 4.021% years: 1992 - 1993
Mauritania max percentage 3.141% years: 1997 - 1998
Mauritius max percentage 3.247% years: 1960 - 1961
Malawi max percentage 6.489% years: 1986 - 1987
Malaysia max percentage 3.259% years: 1961 - 1962
North America max percentage 1.703% years: 1960 - 1961
Namibia max percentage 4.555% years: 1987 - 1988
New Caledonia max percentage 7.692% years: 1969 - 1970
Niger max percentage 3.918% years: 2012 - 2013
Nigeria max percentage 3.091% years: 1977 - 1978
Nicaragua max percentage 3.139% years: 1960 - 1961
Netherlands max percentage 1.435% years: 1961 - 1962
Norway max percentage 1.322% years: 2011 - 2012
Nepal max percentage 2.768% years: 1992 - 1993
Nauru max percentage 9.537% years: 2013 - 2014
New Zealand max percentage 4.964% years: 1990 - 1991
OECD members max percentage 1.561% years: 1960 - 1961
Oman max percentage 7.124% years: 2012 - 2013
Other small states max percentage 2.71% years: 2007 - 2008
Pakistan max percentage 3.418% years: 1982 - 1983
Panama max percentage 3.032% years: 1962 - 1963
Peru max percentage 2.919% years: 1962 - 1963
Philippines max percentage 3.394% years: 1960 - 1961
Palau max percentage 2.839% years: 1993 - 1994
Papua New Guinea max percentage 2.846% years: 1981 - 1982
Poland max percentage 1.392% years: 1963 - 1964
Pre-demographic dividend max percentage 3.053% years: 1992 - 1993
Puerto Rico max percentage 2.212% years: 1962 - 1963
Korea, Dem. People’s Rep. max percentage 2.942% years: 1968 - 1969
Portugal max percentage 3.874% years: 1974 - 1975
Paraguay max percentage 2.943% years: 1982 - 1983
West Bank and Gaza max percentage 4.58% years: 1990 - 1991
Pacific island small states max percentage 3.356% years: 1961 - 1962
Post-demographic dividend max percentage 1.433% years: 1960 - 1961
French Polynesia max percentage 3.809% years: 1962 - 1963
Qatar max percentage 17.74% years: 2006 - 2007
Romania max percentage 1.814% years: 2001 - 2002
Russian Federation max percentage 1.118% years: 1961 - 1962
Rwanda max percentage 8.24% years: 1997 - 1998
South Asia max percentage 2.411% years: 1978 - 1979
Saudi Arabia max percentage 6.573% years: 1981 - 1982
Sudan max percentage 3.866% years: 1991 - 1992
Senegal max percentage 3.114% years: 1971 - 1972
Singapore max percentage 5.466% years: 2007 - 2008
Solomon Islands max percentage 3.911% years: 1972 - 1973
Sierra Leone max percentage 4.888% years: 2002 - 2003
El Salvador max percentage 3.007% years: 1962 - 1963
San Marino max percentage 2.605% years: 1962 - 1963
Somalia max percentage 12.54% years: 1976 - 1977
Serbia max percentage 1.413% years: 1994 - 1995
Sub-Saharan Africa (excluding high income) max percentage 2.901% years: 1981 - 1982
South Sudan max percentage 5.015% years: 1998 - 1999
Sub-Saharan Africa max percentage 2.901% years: 1981 - 1982
Small states max percentage 2.199% years: 2007 - 2008
Sao Tome and Principe max percentage 3.202% years: 1967 - 1968
Suriname max percentage 2.836% years: 1960 - 1961
Slovak Republic max percentage 3.038% years: 1960 - 1961
Slovenia max percentage 1.487% years: 1975 - 1976
Sweden max percentage 1.063% years: 2014 - 2015
Swaziland max percentage 4.421% years: 1986 - 1987
Sint Maarten (Dutch part) max percentage 9.35% years: 2009 - 2010
Seychelles max percentage 4.337% years: 1986 - 1987
Syrian Arab Republic max percentage 3.795% years: 2006 - 2007
Turks and Caicos Islands max percentage 7.714% years: 2001 - 2002
Chad max percentage 3.909% years: 2001 - 2002
East Asia & Pacific (IDA & IBRD countries) max percentage 2.783% years: 1965 - 1966
Europe & Central Asia (IDA & IBRD countries) max percentage 1.508% years: 1960 - 1961
Togo max percentage 4.869% years: 1967 - 1968
Thailand max percentage 3.051% years: 1963 - 1964
Tajikistan max percentage 3.652% years: 1962 - 1963
Turkmenistan max percentage 3.44% years: 1961 - 1962
Latin America & the Caribbean (IDA & IBRD countries) max percentage 2.825% years: 1961 - 1962
Timor-Leste max percentage 4.008% years: 2002 - 2003
Middle East & North Africa (IDA & IBRD countries) max percentage 3.188% years: 1982 - 1983
Tonga max percentage 4.144% years: 1962 - 1963
South Asia (IDA & IBRD) max percentage 2.411% years: 1978 - 1979
Sub-Saharan Africa (IDA & IBRD countries) max percentage 2.901% years: 1981 - 1982
Trinidad and Tobago max percentage 1.99% years: 1960 - 1961
Tunisia max percentage 2.917% years: 1982 - 1983
Turkey max percentage 2.455% years: 1960 - 1961
Tuvalu max percentage 2.332% years: 1962 - 1963
Tanzania max percentage 3.438% years: 1991 - 1992
Uganda max percentage 3.613% years: 1987 - 1988
Ukraine max percentage 1.269% years: 1960 - 1961
Upper middle income max percentage 2.498% years: 1965 - 1966
Uruguay max percentage 1.301% years: 1960 - 1961
United States max percentage 1.672% years: 1960 - 1961
Uzbekistan max percentage 3.769% years: 1966 - 1967
St. Vincent and the Grenadines max percentage 1.474% years: 1960 - 1961
Venezuela, RB max percentage 3.887% years: 1961 - 1962
British Virgin Islands max percentage 4.765% years: 1985 - 1986
Virgin Islands (U.S.) max percentage 12.7% years: 1970 - 1971
Vietnam max percentage 2.491% years: 1986 - 1987
Vanuatu max percentage 3.239% years: 1972 - 1973
World max percentage 808.8% years: 1978 - 1979
Samoa max percentage 3.272% years: 1961 - 1962
Kosovo max percentage 10.38% years: 1998 - 1999
Yemen, Rep. max percentage 5.244% years: 1991 - 1992
South Africa max percentage 2.73% years: 1972 - 1973
Zambia max percentage 3.572% years: 1973 - 1974
Zimbabwe max percentage 3.963% years: 1982 - 1983
