Aruba (ABW)  max percentage 6.256% years: 1992 - 1993
Afghanistan (AFG)  max percentage 7.967% years: 1992 - 1993
Angola (AGO)  max percentage 3.652% years: 1981 - 1982
Albania (ALB)  max percentage 3.17% years: 1960 - 1961
Andorra (AND)  max percentage 7.188% years: 1960 - 1961
Arab World (ARB)  max percentage 3.666% years: 1989 - 1990
United Arab Emirates (ARE)  max percentage 19.36% years: 1972 - 1973
Argentina (ARG)  max percentage 1.737% years: 1972 - 1973
Armenia (ARM)  max percentage 3.595% years: 1960 - 1961
American Samoa (ASM)  max percentage 4.226% years: 1983 - 1984
Antigua and Barbuda (ATG)  max percentage 2.791% years: 1996 - 1997
Australia (AUS)  max percentage 3.438% years: 1970 - 1971
Austria (AUT)  max percentage 1.323% years: 2015 - 2016
Azerbaijan (AZE)  max percentage 3.501% years: 1961 - 1962
Burundi (BDI)  max percentage 3.443% years: 2006 - 2007
Belgium (BEL)  max percentage 1.397% years: 2010 - 2011
Benin (BEN)  max percentage 3.563% years: 1992 - 1993
Burkina Faso (BFA)  max percentage 3.073% years: 2008 - 2009
Bangladesh (BGD)  max percentage 3.377% years: 1966 - 1967
Bulgaria (BGR)  max percentage 2.147% years: 2001 - 2002
Bahrain (BHR)  max percentage 8.084% years: 2006 - 2007
Bosnia and Herzegovina (BIH)  max percentage 3.566% years: 1992 - 1993
Belarus (BLR)  max percentage 1.031% years: 1963 - 1964
Belize (BLZ)  max percentage 3.916% years: 1997 - 1998
Bermuda (BMU)  max percentage 2.516% years: 1963 - 1964
Bolivia (BOL)  max percentage 2.229% years: 1977 - 1978
Brazil (BRA)  max percentage 2.988% years: 1961 - 1962
Barbados (BRB)  max percentage 0.6433% years: 1973 - 1974
Brunei Darussalam (BRN)  max percentage 4.85% years: 1967 - 1968
Bhutan (BTN)  max percentage 3.62% years: 1986 - 1987
Botswana (BWA)  max percentage 3.998% years: 1977 - 1978
Central African Republic (CAF)  max percentage 3.071% years: 1982 - 1983
Canada (CAN)  max percentage 2.021% years: 1960 - 1961
Central Europe and the Baltics (CEB)  max percentage 0.9344% years: 1963 - 1964
Switzerland (CHE)  max percentage 2.567% years: 1961 - 1962
Channel Islands (CHI)  max percentage 1.099% years: 1986 - 1987
Chile (CHL)  max percentage 2.249% years: 1960 - 1961
China (CHN)  max percentage 2.827% years: 1965 - 1966
Cote d'Ivoire (CIV)  max percentage 4.846% years: 1973 - 1974
Cameroon (CMR)  max percentage 3.167% years: 1985 - 1986
Colombia (COL)  max percentage 3.049% years: 1961 - 1962
Comoros (COM)  max percentage 3.891% years: 1977 - 1978
Cabo Verde (CPV)  max percentage 3.744% years: 1966 - 1967
Costa Rica (CRI)  max percentage 3.667% years: 1960 - 1961
Caribbean small states (CSS)  max percentage 1.894% years: 1960 - 1961
Cuba (CUB)  max percentage 2.254% years: 1962 - 1963
Curacao (CUW)  max percentage 3.993% years: 1999 - 2000
Cayman Islands (CYM)  max percentage 6.621% years: 1973 - 1974
Cyprus (CYP)  max percentage 2.266% years: 1992 - 1993
Czech Republic (CZE)  max percentage 0.8329% years: 2007 - 2008
Germany (DEU)  max percentage 1.837% years: 2010 - 2011
Djibouti (DJI)  max percentage 11.64% years: 1976 - 1977
Dominica (DMA)  max percentage 2.074% years: 1966 - 1967
Denmark (DNK)  max percentage 0.8381% years: 2015 - 2016
Dominican Republic (DOM)  max percentage 3.408% years: 1960 - 1961
Algeria (DZA)  max percentage 3.172% years: 1982 - 1983
East Asia & Pacific (excluding high income) (EAP)  max percentage 2.78% years: 1965 - 1966
Early-demographic dividend (EAR)  max percentage 3.704% years: 2015 - 2016
East Asia & Pacific (EAS)  max percentage 2.663% years: 1968 - 1969
Europe & Central Asia (excluding high income) (ECA)  max percentage 1.551% years: 1960 - 1961
Europe & Central Asia (ECS)  max percentage 1.18% years: 1961 - 1962
Ecuador (ECU)  max percentage 2.967% years: 1966 - 1967
Euro area (EMU)  max percentage 0.9439% years: 1962 - 1963
Spain (ESP)  max percentage 1.868% years: 2006 - 2007
Estonia (EST)  max percentage 2.541% years: 1992 - 1993
Ethiopia (ETH)  max percentage 3.666% years: 1991 - 1992
European Union (EUU)  max percentage 0.8934% years: 1962 - 1963
Fragile and conflict affected situations (FCS)  max percentage 3.433% years: 1989 - 1990
Finland (FIN)  max percentage 0.7095% years: 1962 - 1963
Fiji (FJI)  max percentage 3.542% years: 1961 - 1962
France (FRA)  max percentage 1.422% years: 1961 - 1962
Faroe Islands (FRO)  max percentage 1.31% years: 1960 - 1961
Gabon (GAB)  max percentage 3.519% years: 2011 - 2012
United Kingdom (GBR)  max percentage 0.8523% years: 1961 - 1962
Georgia (GEO)  max percentage 2.625% years: 1994 - 1995
Ghana (GHA)  max percentage 3.543% years: 1982 - 1983
Gibraltar (GIB)  max percentage 2.439% years: 1963 - 1964
Guinea (GIN)  max percentage 6.032% years: 1991 - 1992
Guinea-Bissau (GNB)  max percentage 2.665% years: 1983 - 1984
Equatorial Guinea (GNQ)  max percentage 8.209% years: 1982 - 1983
Greece (GRC)  max percentage 1.565% years: 1975 - 1976
Grenada (GRD)  max percentage 3.109% years: 1982 - 1983
Greenland (GRL)  max percentage 4.255% years: 1964 - 1965
Guatemala (GTM)  max percentage 2.978% years: 1960 - 1961
Guam (GUM)  max percentage 2.476% years: 1963 - 1964
Guyana (GUY)  max percentage 3.053% years: 1960 - 1961
High income (HIC)  max percentage 1.503% years: 1960 - 1961
Honduras (HND)  max percentage 3.14% years: 1977 - 1978
Heavily indebted poor countries (HIPC) (HPC)  max percentage 3.1% years: 1992 - 1993
Croatia (HRV)  max percentage 5.649% years: 1990 - 1991
Haiti (HTI)  max percentage 2.375% years: 1982 - 1983
Hungary (HUN)  max percentage 1.083% years: 1988 - 1989
IBRD only (IBD)  max percentage 3.088e+04% years: 2007 - 2008
IDA & IBRD total (IBT)  max percentage 507.4% years: 1990 - 1991
IDA total (IDA)  max percentage 2.794% years: 1985 - 1986
IDA blend (IDB)  max percentage 3.087% years: 1978 - 1979
Indonesia (IDN)  max percentage 2.756% years: 1966 - 1967
IDA only (IDX)  max percentage 2.776% years: 1991 - 1992
Isle of Man (IMN)  max percentage 2.192% years: 1987 - 1988
India (IND)  max percentage 2.359% years: 1973 - 1974
Ireland (IRL)  max percentage 2.933% years: 2006 - 2007
Iraq (IRQ)  max percentage 3.508% years: 1968 - 1969
Iceland (ISL)  max percentage 2.562% years: 2006 - 2007
Israel (ISR)  max percentage 6.202% years: 1990 - 1991
Italy (ITA)  max percentage 1.166% years: 2012 - 2013
Jamaica (JAM)  max percentage 1.718% years: 1981 - 1982
Jordan (JOR)  max percentage 8.821% years: 1966 - 1967
Japan (JPN)  max percentage 2.64% years: 1960 - 1961
Kazakhstan (KAZ)  max percentage 4.278% years: 1960 - 1961
Kenya (KEN)  max percentage 3.892% years: 1981 - 1982
Kyrgyz Republic (KGZ)  max percentage 3.848% years: 1960 - 1961
Cambodia (KHM)  max percentage 3.875% years: 1983 - 1984
Kiribati (KIR)  max percentage 2.731% years: 1987 - 1988
St. Kitts and Nevis (KNA)  max percentage 2.064% years: 1967 - 1968
Kuwait (KWT)  max percentage 12.3% years: 1962 - 1963
Latin America & Caribbean (excluding high income) (LAC)  max percentage 2.85% years: 1961 - 1962
Lao PDR (LAO)  max percentage 2.948% years: 1987 - 1988
Lebanon (LBN)  max percentage 7.316% years: 2012 - 2013
Liberia (LBR)  max percentage 8.166% years: 1997 - 1998
Libya (LBY)  max percentage 4.459% years: 1971 - 1972
St. Lucia (LCA)  max percentage 1.907% years: 1987 - 1988
Latin America & Caribbean (LCN)  max percentage 2.796% years: 1961 - 1962
Least developed countries: UN classification (LDC)  max percentage 2.8% years: 1991 - 1992
Low income (LIC)  max percentage 2.896% years: 1992 - 1993
Liechtenstein (LIE)  max percentage 2.809% years: 1966 - 1967
Sri Lanka (LKA)  max percentage 3.033% years: 1963 - 1964
Lower middle income (LMC)  max percentage 3.238% years: 2015 - 2016
Low & middle income (LMY)  max percentage 648.3% years: 1990 - 1991
Lesotho (LSO)  max percentage 2.689% years: 1977 - 1978
Late-demographic dividend (LTE)  max percentage 2.413% years: 1965 - 1966
Lithuania (LTU)  max percentage 2.233% years: 2010 - 2011
Luxembourg (LUX)  max percentage 2.431% years: 2011 - 2012
Latvia (LVA)  max percentage 2.06% years: 2009 - 2010
St. Martin (French part) (MAF)  max percentage 21.65% years: 1982 - 1983
Morocco (MAR)  max percentage 3.099% years: 1960 - 1961
Monaco (MCO)  max percentage 2.113% years: 2007 - 2008
Moldova (MDA)  max percentage 2.398% years: 1960 - 1961
Madagascar (MDG)  max percentage 3.213% years: 1997 - 1998
Maldives (MDV)  max percentage 4.805% years: 2006 - 2007
Middle East & North Africa (MEA)  max percentage 3.52% years: 1989 - 1990
Mexico (MEX)  max percentage 3.275% years: 1971 - 1972
Marshall Islands (MHL)  max percentage 4.915% years: 1972 - 1973
Middle income (MIC)  max percentage 922.5% years: 1995 - 1996
Mali (MLI)  max percentage 3.391% years: 2006 - 2007
Malta (MLT)  max percentage 2.732% years: 1990 - 1991
Myanmar (MMR)  max percentage 2.469% years: 1968 - 1969
Middle East & North Africa (excluding high income) (MNA)  max percentage 3.535% years: 1989 - 1990
Montenegro (MNE)  max percentage 2.325% years: 1961 - 1962
Mongolia (MNG)  max percentage 3.082% years: 1963 - 1964
Northern Mariana Islands (MNP)  max percentage 12.69% years: 1982 - 1983
Mozambique (MOZ)  max percentage 4.021% years: 1992 - 1993
Mauritania (MRT)  max percentage 3.141% years: 1997 - 1998
Mauritius (MUS)  max percentage 3.247% years: 1960 - 1961
Malawi (MWI)  max percentage 6.489% years: 1986 - 1987
Malaysia (MYS)  max percentage 3.259% years: 1961 - 1962
North America (NAC)  max percentage 1.703% years: 1960 - 1961
Namibia (NAM)  max percentage 4.555% years: 1987 - 1988
New Caledonia (NCL)  max percentage 7.692% years: 1969 - 1970
Niger (NER)  max percentage 3.918% years: 2012 - 2013
Nigeria (NGA)  max percentage 3.091% years: 1977 - 1978
Nicaragua (NIC)  max percentage 3.139% years: 1960 - 1961
Netherlands (NLD)  max percentage 1.435% years: 1961 - 1962
Norway (NOR)  max percentage 1.322% years: 2011 - 2012
Nepal (NPL)  max percentage 2.768% years: 1992 - 1993
Nauru (NRU)  max percentage 9.537% years: 2013 - 2014
New Zealand (NZL)  max percentage 4.964% years: 1990 - 1991
OECD members (OED)  max percentage 1.561% years: 1960 - 1961
Oman (OMN)  max percentage 7.124% years: 2012 - 2013
Other small states (OSS)  max percentage 2.71% years: 2007 - 2008
Pakistan (PAK)  max percentage 3.418% years: 1982 - 1983
Panama (PAN)  max percentage 3.032% years: 1962 - 1963
Peru (PER)  max percentage 2.919% years: 1962 - 1963
Philippines (PHL)  max percentage 3.394% years: 1960 - 1961
Palau (PLW)  max percentage 2.839% years: 1993 - 1994
Papua New Guinea (PNG)  max percentage 2.846% years: 1981 - 1982
Poland (POL)  max percentage 1.392% years: 1963 - 1964
Pre-demographic dividend (PRE)  max percentage 3.053% years: 1992 - 1993
Puerto Rico (PRI)  max percentage 2.212% years: 1962 - 1963
Portugal (PRT)  max percentage 3.874% years: 1974 - 1975
Paraguay (PRY)  max percentage 2.943% years: 1982 - 1983
West Bank and Gaza (PSE)  max percentage 4.58% years: 1990 - 1991
Pacific island small states (PSS)  max percentage 3.356% years: 1961 - 1962
Post-demographic dividend (PST)  max percentage 1.433% years: 1960 - 1961
French Polynesia (PYF)  max percentage 3.809% years: 1962 - 1963
Qatar (QAT)  max percentage 17.74% years: 2006 - 2007
Romania (ROU)  max percentage 1.814% years: 2001 - 2002
Russian Federation (RUS)  max percentage 1.118% years: 1961 - 1962
Rwanda (RWA)  max percentage 8.24% years: 1997 - 1998
South Asia (SAS)  max percentage 2.411% years: 1978 - 1979
Saudi Arabia (SAU)  max percentage 6.573% years: 1981 - 1982
Sudan (SDN)  max percentage 3.866% years: 1991 - 1992
Senegal (SEN)  max percentage 3.114% years: 1971 - 1972
Singapore (SGP)  max percentage 5.466% years: 2007 - 2008
Solomon Islands (SLB)  max percentage 3.911% years: 1972 - 1973
Sierra Leone (SLE)  max percentage 4.888% years: 2002 - 2003
El Salvador (SLV)  max percentage 3.007% years: 1962 - 1963
San Marino (SMR)  max percentage 2.605% years: 1962 - 1963
Somalia (SOM)  max percentage 12.54% years: 1976 - 1977
Serbia (SRB)  max percentage 1.413% years: 1994 - 1995
Sub-Saharan Africa (excluding high income) (SSA)  max percentage 2.901% years: 1981 - 1982
South Sudan (SSD)  max percentage 5.015% years: 1998 - 1999
Sub-Saharan Africa (SSF)  max percentage 2.901% years: 1981 - 1982
Small states (SST)  max percentage 2.199% years: 2007 - 2008
Sao Tome and Principe (STP)  max percentage 3.202% years: 1967 - 1968
Suriname (SUR)  max percentage 2.836% years: 1960 - 1961
Slovak Republic (SVK)  max percentage 3.038% years: 1960 - 1961
Slovenia (SVN)  max percentage 1.487% years: 1975 - 1976
Sweden (SWE)  max percentage 1.063% years: 2014 - 2015
Swaziland (SWZ)  max percentage 4.421% years: 1986 - 1987
Sint Maarten (Dutch part) (SXM)  max percentage 9.35% years: 2009 - 2010
Seychelles (SYC)  max percentage 4.337% years: 1986 - 1987
Syrian Arab Republic (SYR)  max percentage 3.795% years: 2006 - 2007
Turks and Caicos Islands (TCA)  max percentage 7.714% years: 2001 - 2002
Chad (TCD)  max percentage 3.909% years: 2001 - 2002
East Asia & Pacific (IDA & IBRD countries) (TEA)  max percentage 2.783% years: 1965 - 1966
Europe & Central Asia (IDA & IBRD countries) (TEC)  max percentage 1.508% years: 1960 - 1961
Togo (TGO)  max percentage 4.869% years: 1967 - 1968
Thailand (THA)  max percentage 3.051% years: 1963 - 1964
Tajikistan (TJK)  max percentage 3.652% years: 1962 - 1963
Turkmenistan (TKM)  max percentage 3.44% years: 1961 - 1962
Latin America & the Caribbean (IDA & IBRD countries) (TLA)  max percentage 2.825% years: 1961 - 1962
Timor-Leste (TLS)  max percentage 4.008% years: 2002 - 2003
Middle East & North Africa (IDA & IBRD countries) (TMN)  max percentage 3.188% years: 1982 - 1983
Tonga (TON)  max percentage 4.144% years: 1962 - 1963
South Asia (IDA & IBRD) (TSA)  max percentage 2.411% years: 1978 - 1979
Sub-Saharan Africa (IDA & IBRD countries) (TSS)  max percentage 2.901% years: 1981 - 1982
Trinidad and Tobago (TTO)  max percentage 1.99% years: 1960 - 1961
Tunisia (TUN)  max percentage 2.917% years: 1982 - 1983
Turkey (TUR)  max percentage 2.455% years: 1960 - 1961
Tuvalu (TUV)  max percentage 2.332% years: 1962 - 1963
Tanzania (TZA)  max percentage 3.438% years: 1991 - 1992
Uganda (UGA)  max percentage 3.613% years: 1987 - 1988
Ukraine (UKR)  max percentage 1.269% years: 1960 - 1961
Upper middle income (UMC)  max percentage 2.498% years: 1965 - 1966
Uruguay (URY)  max percentage 1.301% years: 1960 - 1961
United States (USA)  max percentage 1.672% years: 1960 - 1961
Uzbekistan (UZB)  max percentage 3.769% years: 1966 - 1967
St. Vincent and the Grenadines (VCT)  max percentage 1.474% years: 1960 - 1961
British Virgin Islands (VGB)  max percentage 4.765% years: 1985 - 1986
Virgin Islands (U.S.) (VIR)  max percentage 12.7% years: 1970 - 1971
Vietnam (VNM)  max percentage 2.491% years: 1986 - 1987
Vanuatu (VUT)  max percentage 3.239% years: 1972 - 1973
World (WLD)  max percentage 808.8% years: 1978 - 1979
Samoa (WSM)  max percentage 3.272% years: 1961 - 1962
Kosovo (XKX)  max percentage 10.38% years: 1998 - 1999
South Africa (ZAF)  max percentage 2.73% years: 1972 - 1973
Zambia (ZMB)  max percentage 3.572% years: 1973 - 1974
Zimbabwe (ZWE)  max percentage 3.963% years: 1982 - 1983
