HEAP(0) [] ==> push key 42 ==> HEAP(1) [42]
HEAP(1) [42] ==> push key 37 ==> HEAP(2) [42 37]
HEAP(2) [42 37] ==> push key 31 ==> HEAP(3) [42 37 31]
HEAP(3) [42 37 31] ==> push key 16 ==> HEAP(4) [42 37 31 16]
HEAP(4) [42 37 31 16] ==> push key 53 ==> HEAP(5) [53 42 31 16 37]
HEAP(5) [53 42 31 16 37] ==> push key 19 ==> HEAP(6) [53 42 31 16 37 19]
HEAP(6) [53 42 31 16 37 19] ==> push key 47 ==> HEAP(7) [53 42 47 16 37 19 31]
HEAP(7) [53 42 47 16 37 19 31] ==> push key 58 ==> HEAP(8) [58 53 47 42 37 19 31 16]
HEAP(8) [58 53 47 42 37 19 31 16] ==> push key 33 ==> HEAP(9) [58 53 47 42 37 19 31 16 33]
HEAP(9) [58 53 47 42 37 19 31 16 33] ==> push key 25 ==> HEAP(10) [58 53 47 42 37 19 31 16 33 25]
HEAP(10) [58 53 47 42 37 19 31 16 33 25] ==> pop ==> key=58, HEAP(9) [53 42 47 33 37 19 31 16 25]
HEAP(9) [53 42 47 33 37 19 31 16 25] ==> pop ==> key=53, HEAP(8) [47 42 31 33 37 19 25 16]
HEAP(8) [47 42 31 33 37 19 25 16] ==> pop ==> key=47, HEAP(7) [42 37 31 33 16 19 25]
HEAP(7) [42 37 31 33 16 19 25] ==> pop ==> key=42, HEAP(6) [37 33 31 25 16 19]
HEAP(6) [37 33 31 25 16 19] ==> pop ==> key=37, HEAP(5) [33 25 31 19 16]
HEAP(5) [33 25 31 19 16] ==> pop ==> key=33, HEAP(4) [31 25 16 19]
HEAP(4) [31 25 16 19] ==> pop ==> key=31, HEAP(3) [25 19 16]
HEAP(3) [25 19 16] ==> pop ==> key=25, HEAP(2) [19 16]
HEAP(2) [19 16] ==> pop ==> key=19, HEAP(1) [16]
HEAP(1) [16] ==> pop ==> key=16, HEAP(0) []
